<?xml version="1.0" encoding="UTF-8"?>
<!-- Generated by org.testng.reporters.JUnitXMLReporter -->
<testsuite ignored="0" hostname="L71101003010" failures="1" tests="3" name="Regression" time="47.771" errors="0" timestamp="2026-07-16T19:46:35 IST">
  <testcase classname="tests.LoginTest" name="verifyLogin" time="2.531"/>
  <testcase classname="tests.EmployeeSearchTest" name="searchEmployee" time="0.002"/>
  <testcase classname="tests.DashboardTest" name="verifyDashboardTitle" time="30.054">
    <failure type="com.microsoft.playwright.TimeoutError" message="Error {
  message=&amp;apos;Timeout 30000ms exceeded.
  name=&amp;apos;TimeoutError
  stack=&amp;apos;TimeoutError: Timeout 30000ms exceeded.
    at ProgressController.run (C:\Users\P7112912\AppData\Local\Temp\playwright-java-5671792127766085148\package\lib\server\progress.js:65:26)
    at FrameDispatcher._runCommand (C:\Users\P7112912\AppData\Local\Temp\playwright-java-5671792127766085148\package\lib\server\dispatchers\dispatcher.js:91:31)
    at DispatcherConnection.dispatch (C:\Users\P7112912\AppData\Local\Temp\playwright-java-5671792127766085148\package\lib\server\dispatchers\dispatcher.js:322:39)
}
Call log:
-   - waiting for locator(&amp;quot;h6&amp;quot;)
">
      <![CDATA[com.microsoft.playwright.TimeoutError: Error {
  message='Timeout 30000ms exceeded.
  name='TimeoutError
  stack='TimeoutError: Timeout 30000ms exceeded.
    at ProgressController.run (C:\Users\P7112912\AppData\Local\Temp\playwright-java-5671792127766085148\package\lib\server\progress.js:65:26)
    at FrameDispatcher._runCommand (C:\Users\P7112912\AppData\Local\Temp\playwright-java-5671792127766085148\package\lib\server\dispatchers\dispatcher.js:91:31)
    at DispatcherConnection.dispatch (C:\Users\P7112912\AppData\Local\Temp\playwright-java-5671792127766085148\package\lib\server\dispatchers\dispatcher.js:322:39)
}
Call log:
-   - waiting for locator("h6")

at com.microsoft.playwright.impl.WaitableResult.get(WaitableResult.java:52)
at com.microsoft.playwright.impl.ChannelOwner.runUntil(ChannelOwner.java:138)
at com.microsoft.playwright.impl.Connection.sendMessage(Connection.java:131)
at com.microsoft.playwright.impl.ChannelOwner.sendMessage(ChannelOwner.java:124)
at com.microsoft.playwright.impl.FrameImpl.textContent(FrameImpl.java:763)
at com.microsoft.playwright.impl.LocatorImpl.textContent(LocatorImpl.java:601)
at com.microsoft.playwright.Locator.textContent(Locator.java:5311)
at pages.DashboardPage.getDashboardTitle(DashboardPage.java:23)
at tests.DashboardTest.verifyDashboardTitle(DashboardTest.java:28)
at java.base/java.util.ArrayList.forEach(ArrayList.java:1596)
Caused by: com.microsoft.playwright.TimeoutError: Error {
  message='Timeout 30000ms exceeded.
  name='TimeoutError
  stack='TimeoutError: Timeout 30000ms exceeded.
    at ProgressController.run (C:\Users\P7112912\AppData\Local\Temp\playwright-java-5671792127766085148\package\lib\server\progress.js:65:26)
    at FrameDispatcher._runCommand (C:\Users\P7112912\AppData\Local\Temp\playwright-java-5671792127766085148\package\lib\server\dispatchers\dispatcher.js:91:31)
    at DispatcherConnection.dispatch (C:\Users\P7112912\AppData\Local\Temp\playwright-java-5671792127766085148\package\lib\server\dispatchers\dispatcher.js:322:39)
}
Call log:
-   - waiting for locator("h6")

at com.microsoft.playwright.impl.Connection.dispatch(Connection.java:257)
at com.microsoft.playwright.impl.Connection.processOneMessage(Connection.java:214)
at com.microsoft.playwright.impl.ChannelOwner.runUntil(ChannelOwner.java:136)
... 33 more
... Removed 25 stack frames]]>
    </failure>
  </testcase> <!-- verifyDashboardTitle -->
</testsuite> <!-- Regression -->
