<?xml version="1.0" encoding="UTF-8"?>
<testng-results ignored="0" total="1" passed="1" failed="0" skipped="0">
  <reporter-output>
  </reporter-output>
  <suite started-at="2026-07-16T20:00:41 IST" name="Smoke Suite" finished-at="2026-07-16T20:00:53 IST" duration-ms="11183">
    <groups>
    </groups>
    <test started-at="2026-07-16T20:00:41 IST" name="Smoke" finished-at="2026-07-16T20:00:53 IST" duration-ms="11183">
      <class name="tests.LoginTest">
        <test-method is-config="true" signature="setup()[pri:0, instance:tests.LoginTest@2f9f7dcf]" started-at="2026-07-16T20:00:41 IST" name="setup" finished-at="2026-07-16T20:00:49 IST" duration-ms="7664" status="PASS">
          <reporter-output>
          </reporter-output>
        </test-method> <!-- setup -->
        <test-method signature="verifyLogin()[pri:0, instance:tests.LoginTest@2f9f7dcf]" started-at="2026-07-16T20:00:49 IST" name="verifyLogin" finished-at="2026-07-16T20:00:52 IST" duration-ms="2657" status="PASS">
          <reporter-output>
          </reporter-output>
        </test-method> <!-- verifyLogin -->
        <test-method is-config="true" signature="tearDown()[pri:0, instance:tests.LoginTest@2f9f7dcf]" started-at="2026-07-16T20:00:52 IST" name="tearDown" finished-at="2026-07-16T20:00:53 IST" duration-ms="810" status="PASS">
          <reporter-output>
          </reporter-output>
        </test-method> <!-- tearDown -->
      </class> <!-- tests.LoginTest -->
    </test> <!-- Smoke -->
  </suite> <!-- Smoke Suite -->
</testng-results>
