<?xml version="1.0" encoding="UTF-8"?>
<!-- Generated by org.testng.reporters.JUnitReportReporter -->
<testsuite hostname="L71101003010" failures="0" tests="1" name="tests.DashboardTest" time="47.017" errors="1" timestamp="2026-06-11T20:34:16 IST" skipped="0">
  <testcase classname="tests.DashboardTest" name="verifyDashboardTitle" time="47.017">
    <error message="Error {
  message=&#039;Timeout 30000ms exceeded.
  name=&#039;TimeoutError
  stack=&#039;TimeoutError: Timeout 30000ms exceeded.
    at ProgressController.run (C:\Users\P7112912\AppData\Local\Temp\playwright-java-16654707790261344821\package\lib\server\progress.js:65:26)
    at FrameDispatcher._runCommand (C:\Users\P7112912\AppData\Local\Temp\playwright-java-16654707790261344821\package\lib\server\dispatchers\dispatcher.js:91:31)
    at DispatcherConnection.dispatch (C:\Users\P7112912\AppData\Local\Temp\playwright-java-16654707790261344821\package\lib\server\dispatchers\dispatcher.js:322:39)
}
Call log:
-   - waiting for locator(&quot;h6&quot;)
" type="com.microsoft.playwright.TimeoutError">
      <![CDATA[com.microsoft.playwright.TimeoutError: Error {
  message='Timeout 30000ms exceeded.
  name='TimeoutError
  stack='TimeoutError: Timeout 30000ms exceeded.
    at ProgressController.run (C:\Users\P7112912\AppData\Local\Temp\playwright-java-16654707790261344821\package\lib\server\progress.js:65:26)
    at FrameDispatcher._runCommand (C:\Users\P7112912\AppData\Local\Temp\playwright-java-16654707790261344821\package\lib\server\dispatchers\dispatcher.js:91:31)
    at DispatcherConnection.dispatch (C:\Users\P7112912\AppData\Local\Temp\playwright-java-16654707790261344821\package\lib\server\dispatchers\dispatcher.js:322:39)
}
Call log:
-   - waiting for locator("h6")

at com.microsoft.playwright.impl.WaitableResult.get(WaitableResult.java:52)
at com.microsoft.playwright.impl.ChannelOwner.runUntil(ChannelOwner.java:138)
at com.microsoft.playwright.impl.Connection.sendMessage(Connection.java:131)
at com.microsoft.playwright.impl.ChannelOwner.sendMessage(ChannelOwner.java:124)
at com.microsoft.playwright.impl.FrameImpl.textContent(FrameImpl.java:763)
at com.microsoft.playwright.impl.LocatorImpl.textContent(LocatorImpl.java:601)
at com.microsoft.playwright.Locator.textContent(Locator.java:5311)
at pages.DashboardPage.getDashboardTitle(DashboardPage.java:23)
at tests.DashboardTest.verifyDashboardTitle(DashboardTest.java:28)
at java.base/jdk.internal.reflect.DirectMethodHandleAccessor.invoke(DirectMethodHandleAccessor.java:103)
at java.base/java.lang.reflect.Method.invoke(Method.java:580)
at org.testng.internal.invokers.MethodInvocationHelper.invokeMethod(MethodInvocationHelper.java:141)
at org.testng.internal.invokers.TestInvoker.invokeMethod(TestInvoker.java:687)
at org.testng.internal.invokers.TestInvoker.invokeTestMethod(TestInvoker.java:230)
at org.testng.internal.invokers.MethodRunner.runInSequence(MethodRunner.java:63)
at org.testng.internal.invokers.TestInvoker$MethodInvocationAgent.invoke(TestInvoker.java:995)
at org.testng.internal.invokers.TestInvoker.invokeTestMethods(TestInvoker.java:203)
at org.testng.internal.invokers.TestMethodWorker.invokeTestMethods(TestMethodWorker.java:154)
at org.testng.internal.invokers.TestMethodWorker.run(TestMethodWorker.java:134)
at java.base/java.util.ArrayList.forEach(ArrayList.java:1596)
at org.testng.TestRunner.privateRun(TestRunner.java:741)
at org.testng.TestRunner.run(TestRunner.java:616)
at org.testng.SuiteRunner.runTest(SuiteRunner.java:421)
at org.testng.SuiteRunner.runSequentially(SuiteRunner.java:413)
at org.testng.SuiteRunner.privateRun(SuiteRunner.java:373)
at org.testng.SuiteRunner.run(SuiteRunner.java:312)
at org.testng.SuiteRunnerWorker.runSuite(SuiteRunnerWorker.java:52)
at org.testng.SuiteRunnerWorker.run(SuiteRunnerWorker.java:95)
at org.testng.TestNG.runSuitesSequentially(TestNG.java:1274)
at org.testng.TestNG.runSuitesLocally(TestNG.java:1208)
at org.testng.TestNG.runSuites(TestNG.java:1112)
at org.testng.TestNG.run(TestNG.java:1079)
at org.testng.remote.AbstractRemoteTestNG.run(AbstractRemoteTestNG.java:115)
at org.testng.remote.RemoteTestNG.initAndRun(RemoteTestNG.java:293)
at org.testng.remote.RemoteTestNG.main(RemoteTestNG.java:91)
Caused by: com.microsoft.playwright.TimeoutError: Error {
  message='Timeout 30000ms exceeded.
  name='TimeoutError
  stack='TimeoutError: Timeout 30000ms exceeded.
    at ProgressController.run (C:\Users\P7112912\AppData\Local\Temp\playwright-java-16654707790261344821\package\lib\server\progress.js:65:26)
    at FrameDispatcher._runCommand (C:\Users\P7112912\AppData\Local\Temp\playwright-java-16654707790261344821\package\lib\server\dispatchers\dispatcher.js:91:31)
    at DispatcherConnection.dispatch (C:\Users\P7112912\AppData\Local\Temp\playwright-java-16654707790261344821\package\lib\server\dispatchers\dispatcher.js:322:39)
}
Call log:
-   - waiting for locator("h6")

at com.microsoft.playwright.impl.Connection.dispatch(Connection.java:257)
at com.microsoft.playwright.impl.Connection.processOneMessage(Connection.java:214)
at com.microsoft.playwright.impl.ChannelOwner.runUntil(ChannelOwner.java:136)
... 33 more
]]>
    </error>
  </testcase> <!-- verifyDashboardTitle -->
</testsuite> <!-- tests.DashboardTest -->
